=======================2011-10-27 01:58:39
<p> <form action="https://api.sandbox.ipay.ua/simple/" method="POST"><input type="radio" name="amount" value="3500"> 35 грн<br><input type="radio" name="amount" value="5000"> 50 грн<br><input type="radio" name="amount" value="7000"> 70 грн<br><input type="radio" name="amount" value="10000"> 100 грн<br><input type="hidden" name="desc" value="uzver"><input type="hidden" name="good" value="http://jesus.ctv/dev/ubilling/kenny.ctv/openpayz/backend/ipay/good/"><input type="hidden" name="bad" value="http://jesus.ctv/dev/ubilling/kenny.ctv/openpayz/backend/ipay/bad/"><input type="hidden" name="lang" value="ru"><input type="hidden" name="id" value="14"><br> <input type="submit"></form> </p>
=======================
=======================2011-10-27 01:59:38
<p> <form action="https://api.sandbox.ipay.ua/simple/" method="POST"><input type="radio" name="amount" value="3500"> 35 грн<br><input type="radio" name="amount" value="5000"> 50 грн<br><input type="radio" name="amount" value="7000"> 70 грн<br><input type="radio" name="amount" value="10000"> 100 грн<br><input type="hidden" name="desc" value="uzver"><input type="hidden" name="good" value="http://jesus.ctv/dev/ubilling/kenny.ctv/openpayz/backend/ipay/good/"><input type="hidden" name="bad" value="http://jesus.ctv/dev/ubilling/kenny.ctv/openpayz/backend/ipay/bad/"><input type="hidden" name="lang" value="ru"><input type="hidden" name="id" value="14"><br> <input type="submit"></form> </p>
=======================
=======================2011-10-27 02:05:45
<p> <form action="https://api.sandbox.ipay.ua/simple/" method="POST"><input type="radio" name="amount" value="3500"> 35 грн<br><input type="radio" name="amount" value="5000"> 50 грн<br><input type="radio" name="amount" value="7000"> 70 грн<br><input type="radio" name="amount" value="10000"> 100 грн<br><input type="hidden" name="desc" value=""><input type="hidden" name="good" value="http://jesus.ctv/dev/ubilling/kenny.ctv/openpayz/backend/ipay/good/"><input type="hidden" name="bad" value="http://jesus.ctv/dev/ubilling/kenny.ctv/openpayz/backend/ipay/bad/"><input type="hidden" name="lang" value="ru"><input type="hidden" name="id" value="14"><br> <input type="submit"></form> </p>
=======================
=======================2011-10-27 02:06:44
<p> <form action="https://api.sandbox.ipay.ua/simple/" method="POST"><input type="radio" name="amount" value="3500"> 35 грн<br><input type="radio" name="amount" value="5000"> 50 грн<br><input type="radio" name="amount" value="7000"> 70 грн<br><input type="radio" name="amount" value="10000"> 100 грн<br><input type="hidden" name="desc" value="vtest"><input type="hidden" name="good" value="http://jesus.ctv/dev/ubilling/kenny.ctv/openpayz/backend/ipay/good/"><input type="hidden" name="bad" value="http://jesus.ctv/dev/ubilling/kenny.ctv/openpayz/backend/ipay/bad/"><input type="hidden" name="lang" value="ru"><input type="hidden" name="id" value="14"><br> <input type="submit"></form> </p>
=======================
=======================2011-10-27 13:56:17
<p> <form action="https://api.sandbox.ipay.ua/simple/" method="POST"><input type="radio" name="amount" value="3500"> 35 грн<br><input type="radio" name="amount" value="5000"> 50 грн<br><input type="radio" name="amount" value="7000"> 70 грн<br><input type="radio" name="amount" value="10000"> 100 грн<br><input type="hidden" name="desc" value="vtest"><input type="hidden" name="good" value="http://jesus.ctv/dev/ubilling/kenny.ctv/openpayz/backend/ipay/good/"><input type="hidden" name="bad" value="http://jesus.ctv/dev/ubilling/kenny.ctv/openpayz/backend/ipay/bad/"><input type="hidden" name="lang" value="ru"><input type="hidden" name="id" value="14"><br> <input type="submit"></form> </p>
=======================
=======================2011-10-27 13:56:26
<p> <form action="https://api.sandbox.ipay.ua/simple/" method="POST"><input type="radio" name="amount" value="3500"> 35 грн<br><input type="radio" name="amount" value="5000"> 50 грн<br><input type="radio" name="amount" value="7000"> 70 грн<br><input type="radio" name="amount" value="10000"> 100 грн<br><input type="hidden" name="desc" value="vtest"><input type="hidden" name="good" value="http://jesus.ctv/dev/ubilling/kenny.ctv/openpayz/backend/ipay/good/"><input type="hidden" name="bad" value="http://jesus.ctv/dev/ubilling/kenny.ctv/openpayz/backend/ipay/bad/"><input type="hidden" name="lang" value="ru"><input type="hidden" name="id" value="14"><br> <input type="submit"></form> </p>
=======================
=======================2011-10-27 14:06:12
<p> <form action="https://api.sandbox.ipay.ua/simple/" method="POST"><input type="radio" name="amount" value="3500"> 35 грн<br><input type="radio" name="amount" value="5000"> 50 грн<br><input type="radio" name="amount" value="7000"> 70 грн<br><input type="radio" name="amount" value="10000"> 100 грн<br><input type="hidden" name="desc" value="vtest"><input type="hidden" name="good" value="http://jesus.ctv/dev/ubilling/kenny.ctv/openpayz/backend/ipay/good/"><input type="hidden" name="bad" value="http://jesus.ctv/dev/ubilling/kenny.ctv/openpayz/backend/ipay/bad/"><input type="hidden" name="lang" value="ru"><input type="hidden" name="id" value="14"><br> <input type="submit"></form> </p>
=======================
=======================2011-10-27 14:06:28
<p> <form action="https://api.sandbox.ipay.ua/simple/" method="POST"><input type="radio" name="amount" value="3500"> 35 грн<br><input type="radio" name="amount" value="5000"> 50 грн<br><input type="radio" name="amount" value="7000"> 70 грн<br><input type="radio" name="amount" value="10000"> 100 грн<br><input type="hidden" name="desc" value="vtest"><input type="hidden" name="good" value="http://jesus.ctv/dev/ubilling/kenny.ctv/openpayz/backend/ipay/good/"><input type="hidden" name="bad" value="http://jesus.ctv/dev/ubilling/kenny.ctv/openpayz/backend/ipay/bad/"><input type="hidden" name="lang" value="ru"><input type="hidden" name="id" value="14"><br> <input type="submit"></form> </p>
=======================
=======================2011-10-27 14:11:08
<p> <form action="https://api.sandbox.ipay.ua/simple/" method="POST"><input type="radio" name="amount" value="3500"> 35 грн<br><input type="radio" name="amount" value="5000"> 50 грн<br><input type="radio" name="amount" value="7000"> 70 грн<br><input type="radio" name="amount" value="10000"> 100 грн<br><input type="hidden" name="desc" value="vtest"><input type="hidden" name="good" value="http://jesus.ctv/dev/ubilling/kenny.ctv/openpayz/backend/ipay/good/"><input type="hidden" name="bad" value="http://jesus.ctv/dev/ubilling/kenny.ctv/openpayz/backend/ipay/bad/"><input type="hidden" name="lang" value="ru"><input type="hidden" name="id" value="14"><br> <input type="submit"></form> </p>
=======================
=======================2011-10-27 14:56:48
<p> <form action="https://api.sandbox.ipay.ua/simple/" method="POST"><input type="radio" name="amount" value="3500"> 35 грн<br><input type="radio" name="amount" value="5000"> 50 грн<br><input type="radio" name="amount" value="7000"> 70 грн<br><input type="radio" name="amount" value="10000"> 100 грн<br><input type="hidden" name="desc" value="vtest"><input type="hidden" name="good" value="http://jesus.ctv/dev/ubilling/kenny.ctv/openpayz/backend/ipay/good/"><input type="hidden" name="bad" value="http://jesus.ctv/dev/ubilling/kenny.ctv/openpayz/backend/ipay/bad/"><input type="hidden" name="lang" value="ru"><input type="hidden" name="id" value="14"><br> <input type="submit"></form> </p>
=======================
=======================2011-10-27 17:19:30
<p> <form action="https://api.sandbox.ipay.ua/simple/" method="POST"><input type="radio" name="amount" value="3500"> 35 грн<br><input type="radio" name="amount" value="5000"> 50 грн<br><input type="radio" name="amount" value="7000"> 70 грн<br><input type="radio" name="amount" value="10000"> 100 грн<br><input type="hidden" name="desc" value="vtest"><input type="hidden" name="good" value="http://jesus.ctv/dev/ubilling/kenny.ctv/openpayz/backend/ipay/good/"><input type="hidden" name="bad" value="http://jesus.ctv/dev/ubilling/kenny.ctv/openpayz/backend/ipay/bad/"><input type="hidden" name="lang" value="ru"><input type="hidden" name="id" value="14"><br> <input type="submit"></form> </p>
=======================
=======================2011-10-27 17:20:16
<p> <form action="https://api.sandbox.ipay.ua/simple/" method="POST"><input type="radio" name="amount" value="3500"> 35 грн<br><input type="radio" name="amount" value="5000"> 50 грн<br><input type="radio" name="amount" value="7000"> 70 грн<br><input type="radio" name="amount" value="10000"> 100 грн<br><input type="hidden" name="desc" value="vtest"><input type="hidden" name="good" value="http://jesus.ctv/dev/ubilling/kenny.ctv/openpayz/backend/ipay/good/"><input type="hidden" name="bad" value="http://jesus.ctv/dev/ubilling/kenny.ctv/openpayz/backend/ipay/bad/"><input type="hidden" name="lang" value="ru"><input type="hidden" name="id" value="14"><br> <input type="submit"></form> </p>
=======================
=======================2011-10-27 17:20:24
<p> <form action="https://api.sandbox.ipay.ua/simple/" method="POST"><input type="radio" name="amount" value="3500"> 35 грн<br><input type="radio" name="amount" value="5000"> 50 грн<br><input type="radio" name="amount" value="7000"> 70 грн<br><input type="radio" name="amount" value="10000"> 100 грн<br><input type="hidden" name="desc" value="vtest"><input type="hidden" name="good" value="http://jesus.ctv/dev/ubilling/kenny.ctv/openpayz/backend/ipay/good/"><input type="hidden" name="bad" value="http://jesus.ctv/dev/ubilling/kenny.ctv/openpayz/backend/ipay/bad/"><input type="hidden" name="lang" value="ru"><input type="hidden" name="id" value="14"><br> <input type="submit"></form> </p>
=======================
=======================2011-10-27 17:27:59
<p> <form action="https://api.sandbox.ipay.ua/simple/" method="POST"><input type="radio" name="amount" value="3500"> 35 грн<br><input type="radio" name="amount" value="5000"> 50 грн<br><input type="radio" name="amount" value="7000"> 70 грн<br><input type="radio" name="amount" value="10000"> 100 грн<br><input type="hidden" name="desc" value="vtest"><input type="hidden" name="good" value="http://jesus.ctv/dev/ubilling/kenny.ctv/openpayz/backend/ipay/good/"><input type="hidden" name="bad" value="http://jesus.ctv/dev/ubilling/kenny.ctv/openpayz/backend/ipay/bad/"><input type="hidden" name="lang" value="ru"><input type="hidden" name="id" value="14"><br> <input type="submit"></form> </p>
=======================
=======================2011-10-27 17:29:55
<p> <form action="https://api.sandbox.ipay.ua/simple/" method="POST"><input type="radio" name="amount" value="3500"> 35 грн<br><input type="radio" name="amount" value="5000"> 50 грн<br><input type="radio" name="amount" value="7000"> 70 грн<br><input type="radio" name="amount" value="10000"> 100 грн<br><input type="hidden" name="desc" value="vtest"><input type="hidden" name="good" value="http://jesus.ctv/dev/ubilling/kenny.ctv/openpayz/backend/ipay/good/"><input type="hidden" name="bad" value="http://jesus.ctv/dev/ubilling/kenny.ctv/openpayz/backend/ipay/bad/"><input type="hidden" name="lang" value="ru"><input type="hidden" name="id" value="14"><br> <input type="submit"></form> </p>
=======================
=======================2011-10-27 17:30:08
<p> <form action="https://api.sandbox.ipay.ua/simple/" method="POST"><input type="radio" name="amount" value="3500" SELECTED> 35 грн<br><input type="radio" name="amount" value="5000" > 50 грн<br><input type="radio" name="amount" value="7000" > 70 грн<br><input type="radio" name="amount" value="10000" > 100 грн<br><input type="hidden" name="desc" value="vtest"><input type="hidden" name="good" value="http://jesus.ctv/dev/ubilling/kenny.ctv/openpayz/backend/ipay/good/"><input type="hidden" name="bad" value="http://jesus.ctv/dev/ubilling/kenny.ctv/openpayz/backend/ipay/bad/"><input type="hidden" name="lang" value="ru"><input type="hidden" name="id" value="14"><br> <input type="submit"></form> </p>
=======================
=======================2011-10-27 17:30:09
<p> <form action="https://api.sandbox.ipay.ua/simple/" method="POST"><input type="radio" name="amount" value="3500" SELECTED> 35 грн<br><input type="radio" name="amount" value="5000" > 50 грн<br><input type="radio" name="amount" value="7000" > 70 грн<br><input type="radio" name="amount" value="10000" > 100 грн<br><input type="hidden" name="desc" value="vtest"><input type="hidden" name="good" value="http://jesus.ctv/dev/ubilling/kenny.ctv/openpayz/backend/ipay/good/"><input type="hidden" name="bad" value="http://jesus.ctv/dev/ubilling/kenny.ctv/openpayz/backend/ipay/bad/"><input type="hidden" name="lang" value="ru"><input type="hidden" name="id" value="14"><br> <input type="submit"></form> </p>
=======================
=======================2011-10-27 17:30:16
<p> <form action="https://api.sandbox.ipay.ua/simple/" method="POST"><input type="radio" name="amount" value="3500" CHECKED> 35 грн<br><input type="radio" name="amount" value="5000" > 50 грн<br><input type="radio" name="amount" value="7000" > 70 грн<br><input type="radio" name="amount" value="10000" > 100 грн<br><input type="hidden" name="desc" value="vtest"><input type="hidden" name="good" value="http://jesus.ctv/dev/ubilling/kenny.ctv/openpayz/backend/ipay/good/"><input type="hidden" name="bad" value="http://jesus.ctv/dev/ubilling/kenny.ctv/openpayz/backend/ipay/bad/"><input type="hidden" name="lang" value="ru"><input type="hidden" name="id" value="14"><br> <input type="submit"></form> </p>
=======================
=======================2011-10-27 17:30:17
<p> <form action="https://api.sandbox.ipay.ua/simple/" method="POST"><input type="radio" name="amount" value="3500" CHECKED> 35 грн<br><input type="radio" name="amount" value="5000" > 50 грн<br><input type="radio" name="amount" value="7000" > 70 грн<br><input type="radio" name="amount" value="10000" > 100 грн<br><input type="hidden" name="desc" value="vtest"><input type="hidden" name="good" value="http://jesus.ctv/dev/ubilling/kenny.ctv/openpayz/backend/ipay/good/"><input type="hidden" name="bad" value="http://jesus.ctv/dev/ubilling/kenny.ctv/openpayz/backend/ipay/bad/"><input type="hidden" name="lang" value="ru"><input type="hidden" name="id" value="14"><br> <input type="submit"></form> </p>
=======================
=======================2011-10-27 17:30:18
<p> <form action="https://api.sandbox.ipay.ua/simple/" method="POST"><input type="radio" name="amount" value="3500" CHECKED> 35 грн<br><input type="radio" name="amount" value="5000" > 50 грн<br><input type="radio" name="amount" value="7000" > 70 грн<br><input type="radio" name="amount" value="10000" > 100 грн<br><input type="hidden" name="desc" value="vtest"><input type="hidden" name="good" value="http://jesus.ctv/dev/ubilling/kenny.ctv/openpayz/backend/ipay/good/"><input type="hidden" name="bad" value="http://jesus.ctv/dev/ubilling/kenny.ctv/openpayz/backend/ipay/bad/"><input type="hidden" name="lang" value="ru"><input type="hidden" name="id" value="14"><br> <input type="submit"></form> </p>
=======================
=======================2011-10-27 17:30:18
<p> <form action="https://api.sandbox.ipay.ua/simple/" method="POST"><input type="radio" name="amount" value="3500" CHECKED> 35 грн<br><input type="radio" name="amount" value="5000" > 50 грн<br><input type="radio" name="amount" value="7000" > 70 грн<br><input type="radio" name="amount" value="10000" > 100 грн<br><input type="hidden" name="desc" value="vtest"><input type="hidden" name="good" value="http://jesus.ctv/dev/ubilling/kenny.ctv/openpayz/backend/ipay/good/"><input type="hidden" name="bad" value="http://jesus.ctv/dev/ubilling/kenny.ctv/openpayz/backend/ipay/bad/"><input type="hidden" name="lang" value="ru"><input type="hidden" name="id" value="14"><br> <input type="submit"></form> </p>
=======================
=======================2011-10-27 17:30:18
<p> <form action="https://api.sandbox.ipay.ua/simple/" method="POST"><input type="radio" name="amount" value="3500" CHECKED> 35 грн<br><input type="radio" name="amount" value="5000" > 50 грн<br><input type="radio" name="amount" value="7000" > 70 грн<br><input type="radio" name="amount" value="10000" > 100 грн<br><input type="hidden" name="desc" value="vtest"><input type="hidden" name="good" value="http://jesus.ctv/dev/ubilling/kenny.ctv/openpayz/backend/ipay/good/"><input type="hidden" name="bad" value="http://jesus.ctv/dev/ubilling/kenny.ctv/openpayz/backend/ipay/bad/"><input type="hidden" name="lang" value="ru"><input type="hidden" name="id" value="14"><br> <input type="submit"></form> </p>
=======================
=======================2011-10-27 17:30:18
<p> <form action="https://api.sandbox.ipay.ua/simple/" method="POST"><input type="radio" name="amount" value="3500" CHECKED> 35 грн<br><input type="radio" name="amount" value="5000" > 50 грн<br><input type="radio" name="amount" value="7000" > 70 грн<br><input type="radio" name="amount" value="10000" > 100 грн<br><input type="hidden" name="desc" value="vtest"><input type="hidden" name="good" value="http://jesus.ctv/dev/ubilling/kenny.ctv/openpayz/backend/ipay/good/"><input type="hidden" name="bad" value="http://jesus.ctv/dev/ubilling/kenny.ctv/openpayz/backend/ipay/bad/"><input type="hidden" name="lang" value="ru"><input type="hidden" name="id" value="14"><br> <input type="submit"></form> </p>
=======================
=======================2011-10-27 17:30:18
<p> <form action="https://api.sandbox.ipay.ua/simple/" method="POST"><input type="radio" name="amount" value="3500" CHECKED> 35 грн<br><input type="radio" name="amount" value="5000" > 50 грн<br><input type="radio" name="amount" value="7000" > 70 грн<br><input type="radio" name="amount" value="10000" > 100 грн<br><input type="hidden" name="desc" value="vtest"><input type="hidden" name="good" value="http://jesus.ctv/dev/ubilling/kenny.ctv/openpayz/backend/ipay/good/"><input type="hidden" name="bad" value="http://jesus.ctv/dev/ubilling/kenny.ctv/openpayz/backend/ipay/bad/"><input type="hidden" name="lang" value="ru"><input type="hidden" name="id" value="14"><br> <input type="submit"></form> </p>
=======================
=======================2011-10-27 17:30:19
<p> <form action="https://api.sandbox.ipay.ua/simple/" method="POST"><input type="radio" name="amount" value="3500" CHECKED> 35 грн<br><input type="radio" name="amount" value="5000" > 50 грн<br><input type="radio" name="amount" value="7000" > 70 грн<br><input type="radio" name="amount" value="10000" > 100 грн<br><input type="hidden" name="desc" value="vtest"><input type="hidden" name="good" value="http://jesus.ctv/dev/ubilling/kenny.ctv/openpayz/backend/ipay/good/"><input type="hidden" name="bad" value="http://jesus.ctv/dev/ubilling/kenny.ctv/openpayz/backend/ipay/bad/"><input type="hidden" name="lang" value="ru"><input type="hidden" name="id" value="14"><br> <input type="submit"></form> </p>
=======================
=======================2011-10-27 17:32:03
<p> <form action="https://api.sandbox.ipay.ua/simple/" method="POST"><input type="radio" name="amount" value="3500" CHECKED> 35 грн<br><input type="radio" name="amount" value="5000" > 50 грн<br><input type="radio" name="amount" value="7000" > 70 грн<br><input type="radio" name="amount" value="10000" > 100 грн<br><input type="hidden" name="desc" value="vtest"><input type="hidden" name="good" value="http://jesus.ctv/dev/ubilling/kenny.ctv/openpayz/backend/ipay/good/"><input type="hidden" name="bad" value="http://jesus.ctv/dev/ubilling/kenny.ctv/openpayz/backend/ipay/bad/"><input type="hidden" name="lang" value="ru"><input type="hidden" name="id" value="14"><br> <input type="submit"></form> </p>
=======================
=======================2011-10-27 17:32:30
<p> <form action="https://api.sandbox.ipay.ua/simple/" method="POST"><input type="radio" name="amount" value="3500" CHECKED> 35 грн<br><input type="radio" name="amount" value="5000" > 50 грн<br><input type="radio" name="amount" value="7000" > 70 грн<br><input type="radio" name="amount" value="10000" > 100 грн<br><input type="hidden" name="desc" value="vtest"><input type="hidden" name="good" value="http://jesus.ctv/dev/ubilling/kenny.ctv/openpayz/backend/ipay/good/"><input type="hidden" name="bad" value="http://jesus.ctv/dev/ubilling/kenny.ctv/openpayz/backend/ipay/bad/"><input type="hidden" name="lang" value="ru"><input type="hidden" name="id" value="14"><br> <input type="submit"></form> </p>
=======================
=======================2011-10-27 17:32:51
<p> <form action="https://api.sandbox.ipay.ua/simple/" method="POST"><input type="radio" name="amount" value="3500" CHECKED> 35 грн<br><input type="radio" name="amount" value="5000" > 50 грн<br><input type="radio" name="amount" value="7000" > 70 грн<br><input type="radio" name="amount" value="10000" > 100 грн<br><input type="hidden" name="desc" value="vtest"><input type="hidden" name="good" value="http://jesus.ctv/dev/ubilling/kenny.ctv/openpayz/backend/ipay/good/"><input type="hidden" name="bad" value="http://jesus.ctv/dev/ubilling/kenny.ctv/openpayz/backend/ipay/bad/"><input type="hidden" name="lang" value="ru"><input type="hidden" name="id" value="14"><br> <input type="submit"></form> </p>
=======================
=======================2011-10-27 17:42:12
<p> <form action="https://api.sandbox.ipay.ua/simple/" method="POST"><input type="radio" name="amount" value="3500" CHECKED> 35 грн<br><input type="radio" name="amount" value="5000" > 50 грн<br><input type="radio" name="amount" value="7000" > 70 грн<br><input type="radio" name="amount" value="10000" > 100 грн<br><input type="hidden" name="desc" value="vtest"><input type="hidden" name="good" value="http://jesus.ctv/dev/ubilling/kenny.ctv/openpayz/backend/ipay/good/"><input type="hidden" name="bad" value="http://jesus.ctv/dev/ubilling/kenny.ctv/openpayz/backend/ipay/bad/"><input type="hidden" name="lang" value="ru"><input type="hidden" name="id" value="14"><br> <input type="submit"></form> </p>
=======================
=======================2011-10-27 18:30:57
<p> <form action="https://api.sandbox.ipay.ua/simple/" method="POST"><input type="radio" name="amount" value="3500" CHECKED> 35 грн<br><input type="radio" name="amount" value="5000" > 50 грн<br><input type="radio" name="amount" value="7000" > 70 грн<br><input type="radio" name="amount" value="10000" > 100 грн<br><input type="hidden" name="desc" value="vtest"><input type="hidden" name="good" value="http://jesus.ctv/dev/ubilling/kenny.ctv/openpayz/backend/ipay/good/"><input type="hidden" name="bad" value="http://jesus.ctv/dev/ubilling/kenny.ctv/openpayz/backend/ipay/bad/"><input type="hidden" name="lang" value="ru"><input type="hidden" name="id" value="14"><br> <input type="submit"></form> </p>
=======================
=======================2011-10-27 18:34:04
<p> <form action="https://api.sandbox.ipay.ua/simple/" method="POST"><input type="radio" name="amount" value="3500" CHECKED> 35 грн<br><input type="radio" name="amount" value="5000" > 50 грн<br><input type="radio" name="amount" value="7000" > 70 грн<br><input type="radio" name="amount" value="10000" > 100 грн<br><input type="hidden" name="desc" value="vtest"><input type="hidden" name="good" value="http://jesus.ctv/dev/ubilling/kenny.ctv/openpayz/backend/ipay/good/"><input type="hidden" name="bad" value="http://jesus.ctv/dev/ubilling/kenny.ctv/openpayz/backend/ipay/bad/"><input type="hidden" name="lang" value="ru"><input type="hidden" name="id" value="14"><br> <input type="submit"></form> </p>
=======================
=======================2011-10-27 18:34:17
<p> <form action="https://api.sandbox.ipay.ua/simple/" method="POST"><input type="radio" name="amount" value="3500" CHECKED> 35 грн<br><input type="radio" name="amount" value="5000" > 50 грн<br><input type="radio" name="amount" value="7000" > 70 грн<br><input type="radio" name="amount" value="10000" > 100 грн<br><input type="hidden" name="desc" value="vtest"><input type="hidden" name="good" value="http://jesus.ctv/dev/ubilling/kenny.ctv/openpayz/backend/ipay/good/"><input type="hidden" name="bad" value="http://jesus.ctv/dev/ubilling/kenny.ctv/openpayz/backend/ipay/bad/"><input type="hidden" name="lang" value="ru"><input type="hidden" name="id" value="14"><br> <input type="submit"></form> </p>
=======================
=======================2011-10-28 17:56:21
<p> <form action="https://api.sandbox.ipay.ua/simple/" method="POST"><input type="radio" name="amount" value="3500" CHECKED> 35 грн<br><input type="radio" name="amount" value="5000" > 50 грн<br><input type="radio" name="amount" value="7000" > 70 грн<br><input type="radio" name="amount" value="10000" > 100 грн<br><input type="hidden" name="desc" value="vtest"><input type="hidden" name="good" value="http://jesus.ctv/dev/ubilling/kenny.ctv/openpayz/backend/ipay/good/"><input type="hidden" name="bad" value="http://jesus.ctv/dev/ubilling/kenny.ctv/openpayz/backend/ipay/bad/"><input type="hidden" name="lang" value="ru"><input type="hidden" name="id" value="14"><br> <input type="submit"></form> </p>
=======================
=======================2011-10-28 17:56:38
<p> <form action="https://api.sandbox.ipay.ua/simple/" method="POST"><input type="radio" name="amount" value="3500" CHECKED> 35 грн<br><input type="radio" name="amount" value="5000" > 50 грн<br><input type="radio" name="amount" value="7000" > 70 грн<br><input type="radio" name="amount" value="10000" > 100 грн<br><input type="hidden" name="desc" value="vtest"><input type="hidden" name="good" value="http://jesus.ctv/dev/ubilling/kenny.ctv/openpayz/backend/ipay/good/"><input type="hidden" name="bad" value="http://jesus.ctv/dev/ubilling/kenny.ctv/openpayz/backend/ipay/bad/"><input type="hidden" name="lang" value="ru"><input type="hidden" name="id" value="14"><br> <input type="submit"></form> </p>
=======================
=======================2011-10-28 17:58:00
<p> <form action="https://api.sandbox.ipay.ua/simple/" method="POST"><input type="radio" name="amount" value="3500" CHECKED> 35 грн<br><input type="radio" name="amount" value="5000" > 50 грн<br><input type="radio" name="amount" value="7000" > 70 грн<br><input type="radio" name="amount" value="10000" > 100 грн<br><input type="hidden" name="desc" value="vtest"><input type="hidden" name="good" value="http://jesus.ctv/dev/ubilling/kenny.ctv/openpayz/backend/ipay/good/"><input type="hidden" name="bad" value="http://jesus.ctv/dev/ubilling/kenny.ctv/openpayz/backend/ipay/bad/"><input type="hidden" name="lang" value="ru"><input type="hidden" name="id" value="14"><br> <input type="submit"></form> </p>
=======================
=======================2011-10-28 17:58:01
<p> <form action="https://api.sandbox.ipay.ua/simple/" method="POST"><input type="radio" name="amount" value="3500" CHECKED> 35 грн<br><input type="radio" name="amount" value="5000" > 50 грн<br><input type="radio" name="amount" value="7000" > 70 грн<br><input type="radio" name="amount" value="10000" > 100 грн<br><input type="hidden" name="desc" value="vtest"><input type="hidden" name="good" value="http://jesus.ctv/dev/ubilling/kenny.ctv/openpayz/backend/ipay/good/"><input type="hidden" name="bad" value="http://jesus.ctv/dev/ubilling/kenny.ctv/openpayz/backend/ipay/bad/"><input type="hidden" name="lang" value="ru"><input type="hidden" name="id" value="14"><br> <input type="submit"></form> </p>
=======================
=======================2011-11-04 20:19:17
<p> <form action="https://api.sandbox.ipay.ua/simple/" method="POST"><input type="radio" name="amount" value="3500" CHECKED> 35 грн<br><input type="radio" name="amount" value="5000" > 50 грн<br><input type="radio" name="amount" value="7000" > 70 грн<br><input type="radio" name="amount" value="10000" > 100 грн<br><input type="hidden" name="desc" value="vtest"><input type="hidden" name="good" value="http://jesus.ctv/dev/ubilling/kenny.ctv/openpayz/backend/ipay/good/"><input type="hidden" name="bad" value="http://jesus.ctv/dev/ubilling/kenny.ctv/openpayz/backend/ipay/bad/"><input type="hidden" name="lang" value="ru"><input type="hidden" name="id" value="14"><br> <input type="submit"></form> </p>
=======================
=======================2011-11-05 17:55:54
<p> <form action="https://api.sandbox.ipay.ua/simple/" method="POST"><input type="radio" name="amount" value="3500" CHECKED> 35 грн<br><input type="radio" name="amount" value="5000" > 50 грн<br><input type="radio" name="amount" value="7000" > 70 грн<br><input type="radio" name="amount" value="10000" > 100 грн<br><input type="hidden" name="desc" value="vtest"><input type="hidden" name="good" value="http://jesus.ctv/dev/ubilling/kenny.ctv/openpayz/backend/ipay/good/"><input type="hidden" name="bad" value="http://jesus.ctv/dev/ubilling/kenny.ctv/openpayz/backend/ipay/bad/"><input type="hidden" name="lang" value="ru"><input type="hidden" name="id" value="14"><br> <input type="submit"></form> </p>
=======================
=======================2011-11-10 22:00:58
<p> <form action="https://api.sandbox.ipay.ua/simple/" method="POST"><input type="radio" name="amount" value="3500" CHECKED> 35 грн<br><input type="radio" name="amount" value="5000" > 50 грн<br><input type="radio" name="amount" value="7000" > 70 грн<br><input type="radio" name="amount" value="10000" > 100 грн<br><input type="hidden" name="desc" value="vtest"><input type="hidden" name="good" value="http://jesus.ctv/dev/ubilling/kenny.ctv/openpayz/backend/ipay/good/"><input type="hidden" name="bad" value="http://jesus.ctv/dev/ubilling/kenny.ctv/openpayz/backend/ipay/bad/"><input type="hidden" name="lang" value="ru"><input type="hidden" name="id" value="14"><br> <input type="submit"></form> </p>
=======================
=======================2011-11-11 03:00:34
<p> <form action="https://api.sandbox.ipay.ua/simple/" method="POST"><input type="radio" name="amount" value="3500" CHECKED> 35 грн<br><input type="radio" name="amount" value="5000" > 50 грн<br><input type="radio" name="amount" value="7000" > 70 грн<br><input type="radio" name="amount" value="10000" > 100 грн<br><input type="hidden" name="desc" value="vtest"><input type="hidden" name="good" value="http://jesus.ctv/dev/ubilling/kenny.ctv/openpayz/backend/ipay/good/"><input type="hidden" name="bad" value="http://jesus.ctv/dev/ubilling/kenny.ctv/openpayz/backend/ipay/bad/"><input type="hidden" name="lang" value="ru"><input type="hidden" name="id" value="14"><br> <input type="submit"></form> </p>
=======================
=======================2011-11-11 03:02:03
<p> <form action="https://api.sandbox.ipay.ua/simple/" method="POST"><input type="radio" name="amount" value="100" CHECKED> 1 грн<br><input type="radio" name="amount" value="3500" > 35 грн<br><input type="radio" name="amount" value="5000" > 50 грн<br><input type="radio" name="amount" value="7000" > 70 грн<br><input type="radio" name="amount" value="10000" > 100 грн<br><input type="hidden" name="desc" value="vtest"><input type="hidden" name="good" value="http://jesus.ctv/dev/ubilling/kenny.ctv/openpayz/backend/ipay/good/"><input type="hidden" name="bad" value="http://jesus.ctv/dev/ubilling/kenny.ctv/openpayz/backend/ipay/bad/"><input type="hidden" name="lang" value="ru"><input type="hidden" name="id" value="38"><br> <input type="submit"></form> </p>
=======================
=======================2011-11-11 03:02:21
<p> <form action="https://api.sandbox.ipay.ua/simple/" method="POST"><input type="radio" name="amount" value="100" CHECKED> 1 грн<br><input type="radio" name="amount" value="3500" > 35 грн<br><input type="radio" name="amount" value="5000" > 50 грн<br><input type="radio" name="amount" value="7000" > 70 грн<br><input type="radio" name="amount" value="10000" > 100 грн<br><input type="hidden" name="desc" value="vtest"><input type="hidden" name="good" value="http://jesus.ctv/dev/ubilling/kenny.ctv/openpayz/backend/ipay/good/"><input type="hidden" name="bad" value="http://jesus.ctv/dev/ubilling/kenny.ctv/openpayz/backend/ipay/bad/"><input type="hidden" name="lang" value="ru"><input type="hidden" name="id" value="38"><br> <input type="submit"></form> </p>
=======================
=======================2011-11-11 03:05:00
<p> <form action="https://api.sandbox.ipay.ua/simple/" method="POST"><input type="radio" name="amount" value="100" CHECKED> 1 грн<br><input type="radio" name="amount" value="3500" > 35 грн<br><input type="radio" name="amount" value="5000" > 50 грн<br><input type="radio" name="amount" value="7000" > 70 грн<br><input type="radio" name="amount" value="10000" > 100 грн<br><input type="hidden" name="desc" value="3232235528"><input type="hidden" name="good" value="http://jesus.ctv/dev/ubilling/kenny.ctv/openpayz/backend/ipay/good/"><input type="hidden" name="bad" value="http://jesus.ctv/dev/ubilling/kenny.ctv/openpayz/backend/ipay/bad/"><input type="hidden" name="lang" value="ru"><input type="hidden" name="id" value="38"><br> <input type="submit"></form> </p>
=======================
=======================2011-11-11 03:10:02
<p> <form action="https://api.sandbox.ipay.ua/simple/" method="POST"><input type="radio" name="amount" value="100" CHECKED> 1 грн<br><input type="radio" name="amount" value="3500" > 35 грн<br><input type="radio" name="amount" value="5000" > 50 грн<br><input type="radio" name="amount" value="7000" > 70 грн<br><input type="radio" name="amount" value="10000" > 100 грн<br><input type="hidden" name="desc" value=""><input type="hidden" name="good" value="http://jesus.ctv/dev/ubilling/kenny.ctv/openpayz/backend/ipay/good/"><input type="hidden" name="bad" value="http://jesus.ctv/dev/ubilling/kenny.ctv/openpayz/backend/ipay/bad/"><input type="hidden" name="lang" value="ru"><input type="hidden" name="id" value="14"><br> <input type="submit"></form> </p>
=======================
=======================2011-11-11 03:10:12
<p> <form action="https://api.sandbox.ipay.ua/simple/" method="POST"><input type="radio" name="amount" value="100" CHECKED> 1 грн<br><input type="radio" name="amount" value="3500" > 35 грн<br><input type="radio" name="amount" value="5000" > 50 грн<br><input type="radio" name="amount" value="7000" > 70 грн<br><input type="radio" name="amount" value="10000" > 100 грн<br><input type="hidden" name="desc" value="vtest"><input type="hidden" name="good" value="http://jesus.ctv/dev/ubilling/kenny.ctv/openpayz/backend/ipay/good/"><input type="hidden" name="bad" value="http://jesus.ctv/dev/ubilling/kenny.ctv/openpayz/backend/ipay/bad/"><input type="hidden" name="lang" value="ru"><input type="hidden" name="id" value="14"><br> <input type="submit"></form> </p>
=======================
=======================2011-11-11 03:15:16
<p> <form action="https://api.sandbox.ipay.ua/simple/" method="POST"><input type="radio" name="amount" value="100" CHECKED> 1 грн<br><input type="radio" name="amount" value="3500" > 35 грн<br><input type="radio" name="amount" value="5000" > 50 грн<br><input type="radio" name="amount" value="7000" > 70 грн<br><input type="radio" name="amount" value="10000" > 100 грн<br><input type="hidden" name="desc" value="vtest"><input type="hidden" name="good" value="http://jesus.ctv/dev/ubilling/kenny.ctv/openpayz/backend/ipay/good/"><input type="hidden" name="bad" value="http://jesus.ctv/dev/ubilling/kenny.ctv/openpayz/backend/ipay/bad/"><input type="hidden" name="lang" value="ru"><input type="hidden" name="id" value="14"><br> <input type="submit"></form> </p>
=======================
=======================2011-11-11 03:15:42
<p> <form action="https://api.sandbox.ipay.ua/simple/" method="POST"><input type="radio" name="amount" value="100" CHECKED> 1 грн<br><input type="radio" name="amount" value="3500" > 35 грн<br><input type="radio" name="amount" value="5000" > 50 грн<br><input type="radio" name="amount" value="7000" > 70 грн<br><input type="radio" name="amount" value="10000" > 100 грн<br><input type="hidden" name="desc" value="vtest"><input type="hidden" name="good" value="http://jesus.ctv/dev/ubilling/kenny.ctv/openpayz/backend/ipay/good/"><input type="hidden" name="bad" value="http://jesus.ctv/dev/ubilling/kenny.ctv/openpayz/backend/ipay/bad/"><input type="hidden" name="lang" value="ru"><input type="hidden" name="id" value="14"><br> <input type="submit"></form> </p>
=======================
=======================2011-11-14 16:27:47
<p> <form action="https://api.sandbox.ipay.ua/simple/" method="POST"><input type="radio" name="amount" value="100" CHECKED> 1 грн<br><input type="radio" name="amount" value="3500" > 35 грн<br><input type="radio" name="amount" value="5000" > 50 грн<br><input type="radio" name="amount" value="7000" > 70 грн<br><input type="radio" name="amount" value="10000" > 100 грн<br><input type="hidden" name="desc" value="vtest"><input type="hidden" name="good" value="http://jesus.ctv/dev/ubilling/kenny.ctv/openpayz/backend/ipay/good/"><input type="hidden" name="bad" value="http://jesus.ctv/dev/ubilling/kenny.ctv/openpayz/backend/ipay/bad/"><input type="hidden" name="lang" value="ru"><input type="hidden" name="id" value="14"><br> <input type="submit"></form> </p>
=======================
=======================2011-11-14 16:28:17
<p> <form action="https://api.sandbox.ipay.ua/simple/" method="POST"><input type="radio" name="amount" value="100" CHECKED> 1 грн<br><input type="radio" name="amount" value="3500" > 35 грн<br><input type="radio" name="amount" value="5000" > 50 грн<br><input type="radio" name="amount" value="7000" > 70 грн<br><input type="radio" name="amount" value="10000" > 100 грн<br><input type="hidden" name="desc" value="vtest"><input type="hidden" name="good" value="http://jesus.ctv/dev/ubilling/kenny.ctv/openpayz/backend/ipay/good/"><input type="hidden" name="bad" value="http://jesus.ctv/dev/ubilling/kenny.ctv/openpayz/backend/ipay/bad/"><input type="hidden" name="lang" value="ru"><input type="hidden" name="id" value="14"><br> <input type="submit"></form> </p>
=======================
=======================2011-11-14 16:40:55
<p> <form action="https://api.sandbox.ipay.ua/simple/" method="POST"><input type="radio" name="amount" value="100" CHECKED> 1 грн<br><input type="radio" name="amount" value="3500" > 35 грн<br><input type="radio" name="amount" value="5000" > 50 грн<br><input type="radio" name="amount" value="7000" > 70 грн<br><input type="radio" name="amount" value="10000" > 100 грн<br><input type="hidden" name="desc" value="3232235528"><input type="hidden" name="good" value="http://jesus.ctv/dev/ubilling/kenny.ctv/openpayz/backend/ipay/good/"><input type="hidden" name="bad" value="http://jesus.ctv/dev/ubilling/kenny.ctv/openpayz/backend/ipay/bad/"><input type="hidden" name="lang" value="ru"><input type="hidden" name="id" value="14"><br> <input type="submit"></form> </p>
=======================
=======================2011-11-14 16:41:34
<p> <form action="https://api.sandbox.ipay.ua/simple/" method="POST"><input type="radio" name="amount" value="100" CHECKED> 1 грн<br><input type="radio" name="amount" value="3500" > 35 грн<br><input type="radio" name="amount" value="5000" > 50 грн<br><input type="radio" name="amount" value="7000" > 70 грн<br><input type="radio" name="amount" value="10000" > 100 грн<br><input type="hidden" name="desc" value="3232235528"><input type="hidden" name="good" value="http://jesus.ctv/dev/ubilling/kenny.ctv/openpayz/backend/ipay/good/"><input type="hidden" name="bad" value="http://jesus.ctv/dev/ubilling/kenny.ctv/openpayz/backend/ipay/bad/"><input type="hidden" name="lang" value="ru"><input type="hidden" name="id" value="14"><br> <input type="submit"></form> </p>
=======================
=======================2011-11-14 16:42:18
<p> <form action="https://api.sandbox.ipay.ua/simple/" method="POST"><input type="radio" name="amount" value="100" CHECKED> 1 грн<br><input type="radio" name="amount" value="3500" > 35 грн<br><input type="radio" name="amount" value="5000" > 50 грн<br><input type="radio" name="amount" value="7000" > 70 грн<br><input type="radio" name="amount" value="10000" > 100 грн<br><input type="hidden" name="desc" value="3232235528"><input type="hidden" name="good" value="http://jesus.ctv/dev/ubilling/kenny.ctv/openpayz/backend/ipay/good/"><input type="hidden" name="bad" value="http://jesus.ctv/dev/ubilling/kenny.ctv/openpayz/backend/ipay/bad/"><input type="hidden" name="lang" value="ru"><input type="hidden" name="id" value="14"><br> <input type="submit"></form> </p>
=======================
=======================2011-11-14 16:42:21
<p> <form action="https://api.sandbox.ipay.ua/simple/" method="POST"><input type="radio" name="amount" value="100" CHECKED> 1 грн<br><input type="radio" name="amount" value="3500" > 35 грн<br><input type="radio" name="amount" value="5000" > 50 грн<br><input type="radio" name="amount" value="7000" > 70 грн<br><input type="radio" name="amount" value="10000" > 100 грн<br><input type="hidden" name="desc" value="3232235528"><input type="hidden" name="good" value="http://jesus.ctv/dev/ubilling/kenny.ctv/openpayz/backend/ipay/good/"><input type="hidden" name="bad" value="http://jesus.ctv/dev/ubilling/kenny.ctv/openpayz/backend/ipay/bad/"><input type="hidden" name="lang" value="ru"><input type="hidden" name="id" value="14"><br> <input type="submit"></form> </p>
=======================
=======================2011-11-14 16:43:20
<p> <form action="https://api.sandbox.ipay.ua/simple/" method="POST"><input type="radio" name="amount" value="100" CHECKED> 1 грн<br><input type="radio" name="amount" value="3500" > 35 грн<br><input type="radio" name="amount" value="5000" > 50 грн<br><input type="radio" name="amount" value="7000" > 70 грн<br><input type="radio" name="amount" value="10000" > 100 грн<br><input type="hidden" name="desc" value="3232235528"><input type="hidden" name="good" value="http://jesus.ctv/dev/ubilling/kenny.ctv/openpayz/backend/ipay/good/"><input type="hidden" name="bad" value="http://jesus.ctv/dev/ubilling/kenny.ctv/openpayz/backend/ipay/bad/"><input type="hidden" name="lang" value="ru"><input type="hidden" name="id" value="14"><br> <input type="submit"></form> </p>
=======================
=======================2011-11-14 16:43:24
<p> <form action="https://api.sandbox.ipay.ua/simple/" method="POST"><input type="radio" name="amount" value="100" CHECKED> 1 грн<br><input type="radio" name="amount" value="3500" > 35 грн<br><input type="radio" name="amount" value="5000" > 50 грн<br><input type="radio" name="amount" value="7000" > 70 грн<br><input type="radio" name="amount" value="10000" > 100 грн<br><input type="hidden" name="desc" value="3232235528"><input type="hidden" name="good" value="http://jesus.ctv/dev/ubilling/kenny.ctv/openpayz/backend/ipay/good/"><input type="hidden" name="bad" value="http://jesus.ctv/dev/ubilling/kenny.ctv/openpayz/backend/ipay/bad/"><input type="hidden" name="lang" value="ru"><input type="hidden" name="id" value="14"><br> <input type="submit"></form> </p>
=======================
=======================2011-11-14 16:50:45
<p> <form action="https://api.sandbox.ipay.ua/simple/" method="POST"><input type="radio" name="amount" value="100" CHECKED> 1 грн<br><input type="radio" name="amount" value="3500" > 35 грн<br><input type="radio" name="amount" value="5000" > 50 грн<br><input type="radio" name="amount" value="7000" > 70 грн<br><input type="radio" name="amount" value="10000" > 100 грн<br><input type="hidden" name="desc" value="3232235528"><input type="hidden" name="good" value="http://ubilling.net.ua"><input type="hidden" name="bad" value="http://ubilling.net.ua"><input type="hidden" name="lang" value="ru"><input type="hidden" name="id" value="14"><br> <input type="submit"></form> </p>
=======================
=======================2011-11-14 19:32:58
<p> <form action="https://api.sandbox.ipay.ua/simple/" method="POST"><input type="radio" name="amount" value="100" CHECKED> 1 грн<br><input type="radio" name="amount" value="3500" > 35 грн<br><input type="radio" name="amount" value="5000" > 50 грн<br><input type="radio" name="amount" value="7000" > 70 грн<br><input type="radio" name="amount" value="10000" > 100 грн<br><input type="hidden" name="desc" value="3232235528"><input type="hidden" name="good" value="http://ubilling.net.ua"><input type="hidden" name="bad" value="http://ubilling.net.ua"><input type="hidden" name="lang" value="ru"><input type="hidden" name="id" value="14"><br> <input type="submit"></form> </p>
=======================
=======================2011-11-14 19:33:48
<p> <form action="https://api.sandbox.ipay.ua/simple/" method="POST"><input type="radio" name="amount" value="100" CHECKED> 1 грн<br><input type="radio" name="amount" value="3500" > 35 грн<br><input type="radio" name="amount" value="5000" > 50 грн<br><input type="radio" name="amount" value="7000" > 70 грн<br><input type="radio" name="amount" value="10000" > 100 грн<br><input type="hidden" name="desc" value="3232235528"><input type="hidden" name="good" value="http://ubilling.net.ua"><input type="hidden" name="bad" value="http://ubilling.net.ua"><input type="hidden" name="lang" value="ru"><input type="hidden" name="id" value="38"><br> <input type="submit"></form> </p>
=======================
=======================2011-11-16 19:33:14
<p> <form action="https://api.sandbox.ipay.ua/simple/" method="POST"><input type="radio" name="amount" value="100" CHECKED> 1 грн<br><input type="radio" name="amount" value="3500" > 35 грн<br><input type="radio" name="amount" value="5000" > 50 грн<br><input type="radio" name="amount" value="7000" > 70 грн<br><input type="radio" name="amount" value="10000" > 100 грн<br><input type="hidden" name="desc" value="3232235528"><input type="hidden" name="good" value="http://ubilling.net.ua"><input type="hidden" name="bad" value="http://ubilling.net.ua"><input type="hidden" name="lang" value="ru"><input type="hidden" name="id" value="14"><br> <input type="submit"></form> </p>
=======================
=======================2011-11-17 18:01:45
<p> <form action="https://api.sandbox.ipay.ua/simple/" method="POST"><input type="radio" name="amount" value="100" CHECKED> 1 грн<br><input type="radio" name="amount" value="3500" > 35 грн<br><input type="radio" name="amount" value="5000" > 50 грн<br><input type="radio" name="amount" value="7000" > 70 грн<br><input type="radio" name="amount" value="10000" > 100 грн<br><input type="hidden" name="desc" value="3232235528"><input type="hidden" name="good" value="http://ubilling.net.ua"><input type="hidden" name="bad" value="http://ubilling.net.ua"><input type="hidden" name="lang" value="ru"><input type="hidden" name="id" value="14"><br> <input type="submit"></form> </p>
=======================
=======================2012-03-17 01:59:39
<p> <form action="https://api.sandbox.ipay.ua/simple/" method="POST"><input type="radio" name="amount" value="100" CHECKED> 1 грн<br><input type="radio" name="amount" value="3500" > 35 грн<br><input type="radio" name="amount" value="5000" > 50 грн<br><input type="radio" name="amount" value="7000" > 70 грн<br><input type="radio" name="amount" value="10000" > 100 грн<br><input type="hidden" name="desc" value="2887647521"><input type="hidden" name="good" value="http://ubilling.net.ua"><input type="hidden" name="bad" value="http://ubilling.net.ua"><input type="hidden" name="lang" value="ru"><input type="hidden" name="id" value="14"><br> <input type="submit"></form> </p>
=======================
=======================2012-03-17 02:00:11
<p> <form action="https://api.sandbox.ipay.ua/simple/" method="POST"><input type="radio" name="amount" value="100" CHECKED> 1 грн<br><input type="radio" name="amount" value="3500" > 35 грн<br><input type="radio" name="amount" value="5000" > 50 грн<br><input type="radio" name="amount" value="7000" > 70 грн<br><input type="radio" name="amount" value="10000" > 100 грн<br><input type="hidden" name="desc" value="2887647521"><input type="hidden" name="good" value="http://ubilling.net.ua"><input type="hidden" name="bad" value="http://ubilling.net.ua"><input type="hidden" name="lang" value="ru"><input type="hidden" name="id" value="14"><br> <input type="submit"></form> </p>
=======================
=======================2012-10-20 13:01:12
<p> <form action="https://api.sandbox.ipay.ua/simple/" method="POST"><input type="radio" name="amount" value="100" CHECKED> 1 грн<br><input type="radio" name="amount" value="3500" > 35 грн<br><input type="radio" name="amount" value="5000" > 50 грн<br><input type="radio" name="amount" value="7000" > 70 грн<br><input type="radio" name="amount" value="10000" > 100 грн<br><input type="hidden" name="desc" value="3232235528"><input type="hidden" name="good" value="http://ubilling.net.ua"><input type="hidden" name="bad" value="http://ubilling.net.ua"><input type="hidden" name="lang" value="ru"><input type="hidden" name="id" value="14"><br> <input type="submit"></form> </p>
=======================
=======================2013-01-15 17:34:31
<p> <form action="https://api.sandbox.ipay.ua/simple/" method="POST"><input type="radio" name="amount" value="100" CHECKED> 1 грн<br><input type="radio" name="amount" value="3500" > 35 грн<br><input type="radio" name="amount" value="5000" > 50 грн<br><input type="radio" name="amount" value="7000" > 70 грн<br><input type="radio" name="amount" value="10000" > 100 грн<br><input type="hidden" name="desc" value="3232235528"><input type="hidden" name="good" value="http://ubilling.net.ua"><input type="hidden" name="bad" value="http://ubilling.net.ua"><input type="hidden" name="lang" value="ru"><input type="hidden" name="id" value="14"><br> <input type="submit"></form> </p>
=======================
