2019-01-12 17:35:34 NUMBER: 380964521719 REPLY: 1 LOGIN: okru10ap0_wlo8
2019-01-12 17:53:02 NUMBER: 380964521719 REPLY: 1 LOGIN: okru10ap0_wlo8
2019-01-12 18:11:32 NUMBER: 380979625159 REPLY: 0 LOGIN: 
2019-01-12 18:16:03 NUMBER: 380979625159 REPLY: 0 LOGIN: 
2019-01-12 18:21:54 NUMBER: 0637999505 REPLY: 0 LOGIN: 
2019-01-13 09:50:14 NUMBER: 0685577465 REPLY: 0 LOGIN: 
2019-01-13 11:40:08 NUMBER: 380964521719 REPLY: 1 LOGIN: okru10ap0_wlo8
2019-01-13 12:05:06 NUMBER: 0930182396 REPLY: 1 LOGIN: band30kv29_1wih
2019-01-13 12:12:35 NUMBER: 380689470040 REPLY: 0 LOGIN: 
2019-01-13 12:43:25 NUMBER: 380996275877 REPLY: 0 LOGIN: 
2019-01-13 12:44:40 NUMBER: 380996275877 REPLY: 0 LOGIN: 
2019-01-13 14:30:40 NUMBER: 0990657734 REPLY: 0 LOGIN: 
2019-01-13 14:39:57 NUMBER: 380978997108 REPLY: 0 LOGIN: 
2019-01-13 16:09:39 NUMBER: 0667089337 REPLY: 1 LOGIN: leon22kv93_v2mv
2019-01-13 16:15:22 NUMBER: 0667089337 REPLY: 1 LOGIN: leon22kv93_v2mv
2019-01-13 16:23:00 NUMBER: 0667089337 REPLY: 1 LOGIN: leon22kv93_v2mv
2019-01-13 17:25:52 NUMBER: 0678892158 REPLY: 0 LOGIN: 
2019-01-13 17:31:09 NUMBER: 380936218991 REPLY: 1 LOGIN: tyut2ap35_meta
2019-01-13 18:16:20 NUMBER: 0680502682 REPLY: 1 LOGIN: karp201ap0_c5g4
2019-01-13 18:36:01 NUMBER: 0509511351 REPLY: 1 LOGIN: zank12ap51_7i8p
2019-01-13 19:18:44 NUMBER: 0343326637 REPLY: 0 LOGIN: 
2019-01-14 09:03:27 NUMBER: 380987003281 REPLY: 1 LOGIN: hrkv15ap1_oeo4
2019-01-14 09:09:01 NUMBER: 380987003281 REPLY: 1 LOGIN: hrkv15ap1_oeo4
2019-01-14 09:09:42 NUMBER: 0964192902 REPLY: 0 LOGIN: 
2019-01-14 09:24:44 NUMBER: 380999107075 REPLY: 1 LOGIN: shkr39ap5_t3uu
2019-01-14 09:26:16 NUMBER: 0683468772 REPLY: 0 LOGIN: 
2019-01-14 09:50:08 NUMBER: 380508485892 REPLY: 1 LOGIN: maz64ap3a_f8we
2019-01-14 09:54:49 NUMBER: 0638549534 REPLY: 1 LOGIN: pryvok11ap3_9um8
2019-01-14 10:01:07 NUMBER: 0680502682 REPLY: 1 LOGIN: karp201ap0_c5g4
2019-01-14 10:05:32 NUMBER: 0680502682 REPLY: 1 LOGIN: karp201ap0_c5g4
2019-01-14 10:05:51 NUMBER: 0343340047 REPLY: 0 LOGIN: 
2019-01-14 10:07:52 NUMBER: 0936734123 REPLY: 1 LOGIN: maz78kv23_gjkp
2019-01-14 10:09:59 NUMBER: 0936734123 REPLY: 1 LOGIN: maz78kv23_gjkp
2019-01-14 10:10:11 NUMBER: 0680502682 REPLY: 1 LOGIN: karp201ap0_c5g4
2019-01-14 10:11:51 NUMBER: 380936734123 REPLY: 1 LOGIN: maz78kv23_gjkp
2019-01-14 10:24:50 NUMBER: 0680502682 REPLY: 1 LOGIN: karp201ap0_c5g4
2019-01-14 10:24:57 NUMBER: 380979914990 REPLY: 1 LOGIN: vilde1ap6_vuth
2019-01-14 10:53:59 NUMBER: 380973301193 REPLY: 1 LOGIN: maz274kv5_itkr
2019-01-14 11:00:45 NUMBER: 0950916247 REPLY: 0 LOGIN: 
2019-01-14 11:05:50 NUMBER: 380984401258 REPLY: 1 LOGIN: lys30ap69_z8kk
2019-01-14 11:06:04 NUMBER: 0681905548 REPLY: 0 LOGIN: 
2019-01-14 11:08:11 NUMBER: 0950916247 REPLY: 0 LOGIN: 
2019-01-14 11:09:36 NUMBER: 380934435814 REPLY: 0 LOGIN: 
2019-01-14 11:10:12 NUMBER: 380502356697 REPLY: 1 LOGIN: strilciv39kv25_cgir
2019-01-14 11:12:07 NUMBER: 380667826378 REPLY: 1 LOGIN: strilciv121bap0_m9jo
2019-01-14 11:14:51 NUMBER: 380992009690 REPLY: 1 LOGIN: lys34ap13_ok1t
2019-01-14 11:17:05 NUMBER: 380955105074 REPLY: 2 LOGIN: hmeln1aap27_mj32
2019-01-14 11:18:59 NUMBER: 380993106026 REPLY: 1 LOGIN: lys30ap20_ykh3
2019-01-14 11:23:57 NUMBER: 380978958872 REPLY: 1 LOGIN: strilciv62ap6_aptv
2019-01-14 11:24:55 NUMBER: 0686658616 REPLY: 0 LOGIN: 
2019-01-14 11:29:13 NUMBER: 380672702806 REPLY: 1 LOGIN: lys30kv35
2019-01-14 11:37:24 NUMBER: 380999246635 REPLY: 0 LOGIN: 
2019-01-14 11:37:35 NUMBER: 0639455327 REPLY: 0 LOGIN: 
2019-01-14 11:37:55 NUMBER: 380634246254 REPLY: 1 LOGIN: khmeln1ap28_or4g
2019-01-14 11:41:30 NUMBER: 380964693224 REPLY: 1 LOGIN: _trilciv39ap159_jijz
2019-01-14 11:43:43 NUMBER: 380965703488 REPLY: 1 LOGIN: hmeln1aap1_wqxc
2019-01-14 11:46:23 NUMBER: 380674795302 REPLY: 1 LOGIN: maz270ap92_dg8c
2019-01-14 13:10:56 NUMBER: 380975337508 REPLY: 2 LOGIN: sometestlogin
2019-01-14 13:09:52 NUMBER: 380667321654 REPLY: 0 LOGIN: